<?xml version="1.0" encoding="UTF-8"?>
<!-- Generated by org.testng.reporters.JUnitReportReporter -->
<testsuite hostname="LAPTOP-47V8HSKJ" failures="0" tests="3" name="com.crm.qa.testcases.LoginPageTest" time="25.011" errors="0" timestamp="2023-01-16T10:32:39 EST" skipped="0">
  <testcase classname="com.crm.qa.testcases.LoginPageTest" name="loginPageTitleTest" time="4.072"/>
  <system-out/>
  <testcase classname="com.crm.qa.testcases.LoginPageTest" name="crmLogoImageTest" time="4.558"/>
  <system-out/>
  <testcase classname="com.crm.qa.testcases.LoginPageTest" name="loginTest" time="16.381"/>
  <system-out/>
</testsuite> <!-- com.crm.qa.testcases.LoginPageTest -->
