<?xml version="1.0" encoding="UTF-8"?>
<!-- Generated by org.testng.reporters.JUnitReportReporter -->
<testsuite hostname="LAPTOP-47V8HSKJ" failures="0" tests="2" name="com.crm.qa.testcases.HomePageTest" time="14.185" errors="0" timestamp="2022-12-21T10:25:08 EST" skipped="0">
  <testcase classname="com.crm.qa.testcases.HomePageTest" name="verifyHomePageTitleTest" time="7.150"/>
  <system-out/>
  <testcase classname="com.crm.qa.testcases.HomePageTest" name="verifyUserNameTest" time="7.035"/>
  <system-out/>
</testsuite> <!-- com.crm.qa.testcases.HomePageTest -->
